<?xml version="1.0" encoding="UTF-8"?>
<!-- Generated by org.testng.reporters.JUnitReportReporter -->
<testsuite hostname="Ramsai" failures="0" tests="1" name="SumValidation" time="10.641" errors="0" timestamp="2022-07-31T15:32:02 IST" skipped="0">
  <testcase classname="SumValidation" name="sumOfCourses" time="10.641"/>
  <system-out/>
</testsuite> <!-- SumValidation -->
